/home/cc/ee106a/fa25/class/ee106a-aah/ros_workspaces/project/install/perception/lib/python3.10/site-packages/perception/image_subscriber.py
/home/cc/ee106a/fa25/class/ee106a-aah/ros_workspaces/project/install/perception/lib/python3.10/site-packages/perception/logitech_ball_publisher.py
/home/cc/ee106a/fa25/class/ee106a-aah/ros_workspaces/project/install/perception/lib/python3.10/site-packages/perception/cam1_cam2_tf_publisher.py
/home/cc/ee106a/fa25/class/ee106a-aah/ros_workspaces/project/install/perception/lib/python3.10/site-packages/perception/yolo_rs_pc_detector.py
/home/cc/ee106a/fa25/class/ee106a-aah/ros_workspaces/project/install/perception/lib/python3.10/site-packages/perception/aruco_base_tf_publisher.py
/home/cc/ee106a/fa25/class/ee106a-aah/ros_workspaces/project/install/perception/lib/python3.10/site-packages/perception/__init__.py
/home/cc/ee106a/fa25/class/ee106a-aah/ros_workspaces/project/install/perception/lib/python3.10/site-packages/perception/cone_publisher.py
/home/cc/ee106a/fa25/class/ee106a-aah/ros_workspaces/project/install/perception/lib/python3.10/site-packages/perception/trajectory_calculator.py
/home/cc/ee106a/fa25/class/ee106a-aah/ros_workspaces/project/install/perception/lib/python3.10/site-packages/perception/tool_cam_tf_publisher.py
/home/cc/ee106a/fa25/class/ee106a-aah/ros_workspaces/project/install/perception/lib/python3.10/site-packages/perception/rs_node.py
/home/cc/ee106a/fa25/class/ee106a-aah/ros_workspaces/project/install/perception/lib/python3.10/site-packages/perception/__pycache__/image_subscriber.cpython-310.pyc
/home/cc/ee106a/fa25/class/ee106a-aah/ros_workspaces/project/install/perception/lib/python3.10/site-packages/perception/__pycache__/logitech_ball_publisher.cpython-310.pyc
/home/cc/ee106a/fa25/class/ee106a-aah/ros_workspaces/project/install/perception/lib/python3.10/site-packages/perception/__pycache__/cam1_cam2_tf_publisher.cpython-310.pyc
/home/cc/ee106a/fa25/class/ee106a-aah/ros_workspaces/project/install/perception/lib/python3.10/site-packages/perception/__pycache__/yolo_rs_pc_detector.cpython-310.pyc
/home/cc/ee106a/fa25/class/ee106a-aah/ros_workspaces/project/install/perception/lib/python3.10/site-packages/perception/__pycache__/aruco_base_tf_publisher.cpython-310.pyc
/home/cc/ee106a/fa25/class/ee106a-aah/ros_workspaces/project/install/perception/lib/python3.10/site-packages/perception/__pycache__/__init__.cpython-310.pyc
/home/cc/ee106a/fa25/class/ee106a-aah/ros_workspaces/project/install/perception/lib/python3.10/site-packages/perception/__pycache__/cone_publisher.cpython-310.pyc
/home/cc/ee106a/fa25/class/ee106a-aah/ros_workspaces/project/install/perception/lib/python3.10/site-packages/perception/__pycache__/trajectory_calculator.cpython-310.pyc
/home/cc/ee106a/fa25/class/ee106a-aah/ros_workspaces/project/install/perception/lib/python3.10/site-packages/perception/__pycache__/tool_cam_tf_publisher.cpython-310.pyc
/home/cc/ee106a/fa25/class/ee106a-aah/ros_workspaces/project/install/perception/lib/python3.10/site-packages/perception/__pycache__/rs_node.cpython-310.pyc
/home/cc/ee106a/fa25/class/ee106a-aah/ros_workspaces/project/install/perception/share/ament_index/resource_index/packages/perception
/home/cc/ee106a/fa25/class/ee106a-aah/ros_workspaces/project/install/perception/share/perception/package.xml
/home/cc/ee106a/fa25/class/ee106a-aah/ros_workspaces/project/install/perception/share/perception/utilities/yolo11s-seg.pt
/home/cc/ee106a/fa25/class/ee106a-aah/ros_workspaces/project/install/perception/share/perception/launch/project_bringup.launch.py
/home/cc/ee106a/fa25/class/ee106a-aah/ros_workspaces/project/install/perception/lib/python3.10/site-packages/perception-0.0.0-py3.10.egg-info/PKG-INFO
/home/cc/ee106a/fa25/class/ee106a-aah/ros_workspaces/project/install/perception/lib/python3.10/site-packages/perception-0.0.0-py3.10.egg-info/zip-safe
/home/cc/ee106a/fa25/class/ee106a-aah/ros_workspaces/project/install/perception/lib/python3.10/site-packages/perception-0.0.0-py3.10.egg-info/dependency_links.txt
/home/cc/ee106a/fa25/class/ee106a-aah/ros_workspaces/project/install/perception/lib/python3.10/site-packages/perception-0.0.0-py3.10.egg-info/entry_points.txt
/home/cc/ee106a/fa25/class/ee106a-aah/ros_workspaces/project/install/perception/lib/python3.10/site-packages/perception-0.0.0-py3.10.egg-info/requires.txt
/home/cc/ee106a/fa25/class/ee106a-aah/ros_workspaces/project/install/perception/lib/python3.10/site-packages/perception-0.0.0-py3.10.egg-info/top_level.txt
/home/cc/ee106a/fa25/class/ee106a-aah/ros_workspaces/project/install/perception/lib/python3.10/site-packages/perception-0.0.0-py3.10.egg-info/SOURCES.txt
/home/cc/ee106a/fa25/class/ee106a-aah/ros_workspaces/project/install/perception/lib/perception/aruco_tf
/home/cc/ee106a/fa25/class/ee106a-aah/ros_workspaces/project/install/perception/lib/perception/ball_tracker
/home/cc/ee106a/fa25/class/ee106a-aah/ros_workspaces/project/install/perception/lib/perception/cam2_tf
/home/cc/ee106a/fa25/class/ee106a-aah/ros_workspaces/project/install/perception/lib/perception/cone_publisher
/home/cc/ee106a/fa25/class/ee106a-aah/ros_workspaces/project/install/perception/lib/perception/image_subscriber
/home/cc/ee106a/fa25/class/ee106a-aah/ros_workspaces/project/install/perception/lib/perception/rs_node
/home/cc/ee106a/fa25/class/ee106a-aah/ros_workspaces/project/install/perception/lib/perception/tool_tf
/home/cc/ee106a/fa25/class/ee106a-aah/ros_workspaces/project/install/perception/lib/perception/trajectory_calculator
/home/cc/ee106a/fa25/class/ee106a-aah/ros_workspaces/project/install/perception/lib/perception/yolo_rs_pc_detector
