/home/cc/ee106a/fa25/class/ee106a-aah/ros_workspaces/project/install/planning/lib/python3.10/site-packages/planning/ik_fast.py
/home/cc/ee106a/fa25/class/ee106a-aah/ros_workspaces/project/install/planning/lib/python3.10/site-packages/planning/catching.py
/home/cc/ee106a/fa25/class/ee106a-aah/ros_workspaces/project/install/planning/lib/python3.10/site-packages/planning/catching_original.py
/home/cc/ee106a/fa25/class/ee106a-aah/ros_workspaces/project/install/planning/lib/python3.10/site-packages/planning/__init__.py
/home/cc/ee106a/fa25/class/ee106a-aah/ros_workspaces/project/install/planning/lib/python3.10/site-packages/planning/main.py
/home/cc/ee106a/fa25/class/ee106a-aah/ros_workspaces/project/install/planning/lib/python3.10/site-packages/planning/static_tf_transform.py
/home/cc/ee106a/fa25/class/ee106a-aah/ros_workspaces/project/install/planning/lib/python3.10/site-packages/planning/transform_cube_pose.py
/home/cc/ee106a/fa25/class/ee106a-aah/ros_workspaces/project/install/planning/lib/python3.10/site-packages/planning/ik.py
/home/cc/ee106a/fa25/class/ee106a-aah/ros_workspaces/project/install/planning/lib/python3.10/site-packages/planning/catch_pyroki.py
/home/cc/ee106a/fa25/class/ee106a-aah/ros_workspaces/project/install/planning/lib/python3.10/site-packages/planning/ik_pyroki.py
/home/cc/ee106a/fa25/class/ee106a-aah/ros_workspaces/project/install/planning/lib/python3.10/site-packages/planning/pyroki_snippets/__init__.py
/home/cc/ee106a/fa25/class/ee106a-aah/ros_workspaces/project/install/planning/lib/python3.10/site-packages/planning/pyroki_snippets/_online_planning.py
/home/cc/ee106a/fa25/class/ee106a-aah/ros_workspaces/project/install/planning/lib/python3.10/site-packages/planning/pyroki_snippets/_solve_ik.py
/home/cc/ee106a/fa25/class/ee106a-aah/ros_workspaces/project/install/planning/lib/python3.10/site-packages/planning/pyroki_snippets/_solve_ik_with_base.py
/home/cc/ee106a/fa25/class/ee106a-aah/ros_workspaces/project/install/planning/lib/python3.10/site-packages/planning/pyroki_snippets/_solve_ik_with_collision.py
/home/cc/ee106a/fa25/class/ee106a-aah/ros_workspaces/project/install/planning/lib/python3.10/site-packages/planning/pyroki_snippets/_solve_ik_with_manipulability.py
/home/cc/ee106a/fa25/class/ee106a-aah/ros_workspaces/project/install/planning/lib/python3.10/site-packages/planning/pyroki_snippets/_solve_ik_with_multiple_targets.py
/home/cc/ee106a/fa25/class/ee106a-aah/ros_workspaces/project/install/planning/lib/python3.10/site-packages/planning/pyroki_snippets/_trajopt.py
/home/cc/ee106a/fa25/class/ee106a-aah/ros_workspaces/project/install/planning/lib/python3.10/site-packages/planning/__pycache__/ik_fast.cpython-310.pyc
/home/cc/ee106a/fa25/class/ee106a-aah/ros_workspaces/project/install/planning/lib/python3.10/site-packages/planning/__pycache__/catching.cpython-310.pyc
/home/cc/ee106a/fa25/class/ee106a-aah/ros_workspaces/project/install/planning/lib/python3.10/site-packages/planning/__pycache__/catching_original.cpython-310.pyc
/home/cc/ee106a/fa25/class/ee106a-aah/ros_workspaces/project/install/planning/lib/python3.10/site-packages/planning/__pycache__/__init__.cpython-310.pyc
/home/cc/ee106a/fa25/class/ee106a-aah/ros_workspaces/project/install/planning/lib/python3.10/site-packages/planning/__pycache__/main.cpython-310.pyc
/home/cc/ee106a/fa25/class/ee106a-aah/ros_workspaces/project/install/planning/lib/python3.10/site-packages/planning/__pycache__/static_tf_transform.cpython-310.pyc
/home/cc/ee106a/fa25/class/ee106a-aah/ros_workspaces/project/install/planning/lib/python3.10/site-packages/planning/__pycache__/transform_cube_pose.cpython-310.pyc
/home/cc/ee106a/fa25/class/ee106a-aah/ros_workspaces/project/install/planning/lib/python3.10/site-packages/planning/__pycache__/ik.cpython-310.pyc
/home/cc/ee106a/fa25/class/ee106a-aah/ros_workspaces/project/install/planning/lib/python3.10/site-packages/planning/__pycache__/catch_pyroki.cpython-310.pyc
/home/cc/ee106a/fa25/class/ee106a-aah/ros_workspaces/project/install/planning/lib/python3.10/site-packages/planning/__pycache__/ik_pyroki.cpython-310.pyc
/home/cc/ee106a/fa25/class/ee106a-aah/ros_workspaces/project/install/planning/lib/python3.10/site-packages/planning/pyroki_snippets/__pycache__/__init__.cpython-310.pyc
/home/cc/ee106a/fa25/class/ee106a-aah/ros_workspaces/project/install/planning/lib/python3.10/site-packages/planning/pyroki_snippets/__pycache__/_online_planning.cpython-310.pyc
/home/cc/ee106a/fa25/class/ee106a-aah/ros_workspaces/project/install/planning/lib/python3.10/site-packages/planning/pyroki_snippets/__pycache__/_solve_ik.cpython-310.pyc
/home/cc/ee106a/fa25/class/ee106a-aah/ros_workspaces/project/install/planning/lib/python3.10/site-packages/planning/pyroki_snippets/__pycache__/_solve_ik_with_base.cpython-310.pyc
/home/cc/ee106a/fa25/class/ee106a-aah/ros_workspaces/project/install/planning/lib/python3.10/site-packages/planning/pyroki_snippets/__pycache__/_solve_ik_with_collision.cpython-310.pyc
/home/cc/ee106a/fa25/class/ee106a-aah/ros_workspaces/project/install/planning/lib/python3.10/site-packages/planning/pyroki_snippets/__pycache__/_solve_ik_with_manipulability.cpython-310.pyc
/home/cc/ee106a/fa25/class/ee106a-aah/ros_workspaces/project/install/planning/lib/python3.10/site-packages/planning/pyroki_snippets/__pycache__/_solve_ik_with_multiple_targets.cpython-310.pyc
/home/cc/ee106a/fa25/class/ee106a-aah/ros_workspaces/project/install/planning/lib/python3.10/site-packages/planning/pyroki_snippets/__pycache__/_trajopt.cpython-310.pyc
/home/cc/ee106a/fa25/class/ee106a-aah/ros_workspaces/project/install/planning/share/ament_index/resource_index/packages/planning
/home/cc/ee106a/fa25/class/ee106a-aah/ros_workspaces/project/install/planning/share/planning/package.xml
/home/cc/ee106a/fa25/class/ee106a-aah/ros_workspaces/project/install/planning/share/planning/launch/lab7_bringup.launch.py
/home/cc/ee106a/fa25/class/ee106a-aah/ros_workspaces/project/install/planning/lib/python3.10/site-packages/planning-0.0.0-py3.10.egg-info/zip-safe
/home/cc/ee106a/fa25/class/ee106a-aah/ros_workspaces/project/install/planning/lib/python3.10/site-packages/planning-0.0.0-py3.10.egg-info/PKG-INFO
/home/cc/ee106a/fa25/class/ee106a-aah/ros_workspaces/project/install/planning/lib/python3.10/site-packages/planning-0.0.0-py3.10.egg-info/dependency_links.txt
/home/cc/ee106a/fa25/class/ee106a-aah/ros_workspaces/project/install/planning/lib/python3.10/site-packages/planning-0.0.0-py3.10.egg-info/entry_points.txt
/home/cc/ee106a/fa25/class/ee106a-aah/ros_workspaces/project/install/planning/lib/python3.10/site-packages/planning-0.0.0-py3.10.egg-info/requires.txt
/home/cc/ee106a/fa25/class/ee106a-aah/ros_workspaces/project/install/planning/lib/python3.10/site-packages/planning-0.0.0-py3.10.egg-info/top_level.txt
/home/cc/ee106a/fa25/class/ee106a-aah/ros_workspaces/project/install/planning/lib/python3.10/site-packages/planning-0.0.0-py3.10.egg-info/SOURCES.txt
/home/cc/ee106a/fa25/class/ee106a-aah/ros_workspaces/project/install/planning/lib/planning/cam2_tf
/home/cc/ee106a/fa25/class/ee106a-aah/ros_workspaces/project/install/planning/lib/planning/catch
/home/cc/ee106a/fa25/class/ee106a-aah/ros_workspaces/project/install/planning/lib/planning/catch_pyroki
/home/cc/ee106a/fa25/class/ee106a-aah/ros_workspaces/project/install/planning/lib/planning/ik
/home/cc/ee106a/fa25/class/ee106a-aah/ros_workspaces/project/install/planning/lib/planning/ik_pyroki
/home/cc/ee106a/fa25/class/ee106a-aah/ros_workspaces/project/install/planning/lib/planning/main
/home/cc/ee106a/fa25/class/ee106a-aah/ros_workspaces/project/install/planning/lib/planning/tf
/home/cc/ee106a/fa25/class/ee106a-aah/ros_workspaces/project/install/planning/lib/planning/transform_cube_pose
